{"C:\\Users\\UsEr\\OneDrive\\Dokumen\\lumoshive\\mini-proyek\\mini-proyek-8\\src\\App.jsx": {"path":"C:\\Users\\UsEr\\OneDrive\\Dokumen\\lumoshive\\mini-proyek\\mini-proyek-8\\src\\App.jsx","statementMap":{"0":{"start":{"line":15,"column":12},"end":{"line":36,"column":1}},"1":{"start":{"line":16,"column":21},"end":{"line":16,"column":70}},"2":{"start":{"line":16,"column":44},"end":{"line":16,"column":69}},"3":{"start":{"line":18,"column":2},"end":{"line":35,"column":4}}},"fnMap":{"0":{"name":"(anonymous_0)","decl":{"start":{"line":15,"column":12},"end":{"line":15,"column":13}},"loc":{"start":{"line":15,"column":18},"end":{"line":36,"column":1}},"line":15},"1":{"name":"(anonymous_1)","decl":{"start":{"line":16,"column":33},"end":{"line":16,"column":34}},"loc":{"start":{"line":16,"column":44},"end":{"line":16,"column":69}},"line":16}},"branchMap":{"0":{"loc":{"start":{"line":21,"column":40},"end":{"line":21,"column":102}},"type":"cond-expr","locations":[{"start":{"line":21,"column":53},"end":{"line":21,"column":78}},{"start":{"line":21,"column":81},"end":{"line":21,"column":102}}],"line":21}},"s":{"0":1,"1":9,"2":16,"3":8},"f":{"0":9,"1":16},"b":{"0":[0,8]},"_coverageSchema":"1a1c01bbd47fc00a2c39e90264f33305004495a9","hash":"1f18772902db205f9326471157826b146a9bb9ab"}
,"C:\\Users\\UsEr\\OneDrive\\Dokumen\\lumoshive\\mini-proyek\\mini-proyek-8\\src\\components\\AboutMeComponent.jsx": {"path":"C:\\Users\\UsEr\\OneDrive\\Dokumen\\lumoshive\\mini-proyek\\mini-proyek-8\\src\\components\\AboutMeComponent.jsx","statementMap":{"0":{"start":{"line":5,"column":25},"end":{"line":72,"column":1}},"1":{"start":{"line":6,"column":17},"end":{"line":14,"column":3}},"2":{"start":{"line":16,"column":22},"end":{"line":21,"column":3}},"3":{"start":{"line":23,"column":20},"end":{"line":26,"column":3}},"4":{"start":{"line":28,"column":21},"end":{"line":28,"column":70}},"5":{"start":{"line":28,"column":44},"end":{"line":28,"column":69}},"6":{"start":{"line":30,"column":2},"end":{"line":71,"column":4}},"7":{"start":{"line":44,"column":12},"end":{"line":46,"column":17}},"8":{"start":{"line":54,"column":12},"end":{"line":56,"column":17}},"9":{"start":{"line":64,"column":12},"end":{"line":66,"column":17}}},"fnMap":{"0":{"name":"(anonymous_0)","decl":{"start":{"line":5,"column":25},"end":{"line":5,"column":26}},"loc":{"start":{"line":5,"column":31},"end":{"line":72,"column":1}},"line":5},"1":{"name":"(anonymous_1)","decl":{"start":{"line":28,"column":33},"end":{"line":28,"column":34}},"loc":{"start":{"line":28,"column":44},"end":{"line":28,"column":69}},"line":28},"2":{"name":"(anonymous_2)","decl":{"start":{"line":43,"column":22},"end":{"line":43,"column":23}},"loc":{"start":{"line":44,"column":12},"end":{"line":46,"column":17}},"line":44},"3":{"name":"(anonymous_3)","decl":{"start":{"line":53,"column":27},"end":{"line":53,"column":28}},"loc":{"start":{"line":54,"column":12},"end":{"line":56,"column":17}},"line":54},"4":{"name":"(anonymous_4)","decl":{"start":{"line":63,"column":25},"end":{"line":63,"column":26}},"loc":{"start":{"line":64,"column":12},"end":{"line":66,"column":17}},"line":64}},"branchMap":{"0":{"loc":{"start":{"line":34,"column":44},"end":{"line":34,"column":91}},"type":"cond-expr","locations":[{"start":{"line":34,"column":57},"end":{"line":34,"column":73}},{"start":{"line":34,"column":76},"end":{"line":34,"column":91}}],"line":34},"1":{"loc":{"start":{"line":44,"column":61},"end":{"line":44,"column":108}},"type":"cond-expr","locations":[{"start":{"line":44,"column":74},"end":{"line":44,"column":90}},{"start":{"line":44,"column":93},"end":{"line":44,"column":108}}],"line":44},"2":{"loc":{"start":{"line":54,"column":61},"end":{"line":54,"column":108}},"type":"cond-expr","locations":[{"start":{"line":54,"column":74},"end":{"line":54,"column":90}},{"start":{"line":54,"column":93},"end":{"line":54,"column":108}}],"line":54},"3":{"loc":{"start":{"line":64,"column":61},"end":{"line":64,"column":108}},"type":"cond-expr","locations":[{"start":{"line":64,"column":74},"end":{"line":64,"column":90}},{"start":{"line":64,"column":93},"end":{"line":64,"column":108}}],"line":64}},"s":{"0":3,"1":3,"2":3,"3":3,"4":3,"5":6,"6":3,"7":21,"8":12,"9":6},"f":{"0":3,"1":6,"2":21,"3":12,"4":6},"b":{"0":[1,2],"1":[7,14],"2":[4,8],"3":[2,4]},"_coverageSchema":"1a1c01bbd47fc00a2c39e90264f33305004495a9","hash":"d34114b880dfb039770fa6cf4d926bd34493b633"}
,"C:\\Users\\UsEr\\OneDrive\\Dokumen\\lumoshive\\mini-proyek\\mini-proyek-8\\src\\components\\AllBlogList.jsx": {"path":"C:\\Users\\UsEr\\OneDrive\\Dokumen\\lumoshive\\mini-proyek\\mini-proyek-8\\src\\components\\AllBlogList.jsx","statementMap":{"0":{"start":{"line":9,"column":20},"end":{"line":42,"column":1}},"1":{"start":{"line":10,"column":19},"end":{"line":10,"column":32}},"2":{"start":{"line":11,"column":53},"end":{"line":11,"column":87}},"3":{"start":{"line":11,"column":76},"end":{"line":11,"column":86}},"4":{"start":{"line":13,"column":31},"end":{"line":15,"column":3}},"5":{"start":{"line":14,"column":4},"end":{"line":14,"column":46}},"6":{"start":{"line":17,"column":31},"end":{"line":21,"column":3}},"7":{"start":{"line":18,"column":4},"end":{"line":20,"column":5}},"8":{"start":{"line":19,"column":6},"end":{"line":19,"column":48}},"9":{"start":{"line":23,"column":2},"end":{"line":25,"column":3}},"10":{"start":{"line":24,"column":4},"end":{"line":24,"column":37}},"11":{"start":{"line":27,"column":2},"end":{"line":41,"column":4}}},"fnMap":{"0":{"name":"(anonymous_0)","decl":{"start":{"line":9,"column":20},"end":{"line":9,"column":21}},"loc":{"start":{"line":9,"column":26},"end":{"line":42,"column":1}},"line":9},"1":{"name":"(anonymous_1)","decl":{"start":{"line":11,"column":65},"end":{"line":11,"column":66}},"loc":{"start":{"line":11,"column":76},"end":{"line":11,"column":86}},"line":11},"2":{"name":"(anonymous_2)","decl":{"start":{"line":13,"column":31},"end":{"line":13,"column":32}},"loc":{"start":{"line":13,"column":37},"end":{"line":15,"column":3}},"line":13},"3":{"name":"(anonymous_3)","decl":{"start":{"line":17,"column":31},"end":{"line":17,"column":32}},"loc":{"start":{"line":17,"column":37},"end":{"line":21,"column":3}},"line":17}},"branchMap":{"0":{"loc":{"start":{"line":18,"column":4},"end":{"line":20,"column":5}},"type":"if","locations":[{"start":{"line":18,"column":4},"end":{"line":20,"column":5}},{"start":{},"end":{}}],"line":18},"1":{"loc":{"start":{"line":23,"column":2},"end":{"line":25,"column":3}},"type":"if","locations":[{"start":{"line":23,"column":2},"end":{"line":25,"column":3}},{"start":{},"end":{}}],"line":23},"2":{"loc":{"start":{"line":32,"column":9},"end":{"line":32,"column":35}},"type":"binary-expr","locations":[{"start":{"line":32,"column":9},"end":{"line":32,"column":16}},{"start":{"line":32,"column":20},"end":{"line":32,"column":35}}],"line":32}},"s":{"0":3,"1":11,"2":10,"3":20,"4":10,"5":0,"6":10,"7":0,"8":0,"9":10,"10":0,"11":10},"f":{"0":11,"1":20,"2":0,"3":0},"b":{"0":[0,0],"1":[0,10],"2":[10,2]},"_coverageSchema":"1a1c01bbd47fc00a2c39e90264f33305004495a9","hash":"b586a8afc365a1cbf8ea3132d40c96c388718a22"}
,"C:\\Users\\UsEr\\OneDrive\\Dokumen\\lumoshive\\mini-proyek\\mini-proyek-8\\src\\components\\BlogListComponent.jsx": {"path":"C:\\Users\\UsEr\\OneDrive\\Dokumen\\lumoshive\\mini-proyek\\mini-proyek-8\\src\\components\\BlogListComponent.jsx","statementMap":{"0":{"start":{"line":8,"column":26},"end":{"line":47,"column":1}},"1":{"start":{"line":9,"column":19},"end":{"line":9,"column":32}},"2":{"start":{"line":10,"column":60},"end":{"line":10,"column":94}},"3":{"start":{"line":10,"column":83},"end":{"line":10,"column":93}},"4":{"start":{"line":12,"column":2},"end":{"line":14,"column":30}},"5":{"start":{"line":13,"column":4},"end":{"line":13,"column":38}},"6":{"start":{"line":16,"column":2},"end":{"line":20,"column":41}},"7":{"start":{"line":17,"column":4},"end":{"line":19,"column":5}},"8":{"start":{"line":18,"column":6},"end":{"line":18,"column":40}},"9":{"start":{"line":22,"column":2},"end":{"line":24,"column":3}},"10":{"start":{"line":23,"column":4},"end":{"line":23,"column":37}},"11":{"start":{"line":26,"column":2},"end":{"line":46,"column":4}},"12":{"start":{"line":29,"column":8},"end":{"line":43,"column":15}},"13":{"start":{"line":29,"column":89},"end":{"line":29,"column":124}},"14":{"start":{"line":49,"column":0},"end":{"line":51,"column":2}}},"fnMap":{"0":{"name":"(anonymous_0)","decl":{"start":{"line":8,"column":26},"end":{"line":8,"column":27}},"loc":{"start":{"line":8,"column":32},"end":{"line":47,"column":1}},"line":8},"1":{"name":"(anonymous_1)","decl":{"start":{"line":10,"column":72},"end":{"line":10,"column":73}},"loc":{"start":{"line":10,"column":83},"end":{"line":10,"column":93}},"line":10},"2":{"name":"(anonymous_2)","decl":{"start":{"line":12,"column":12},"end":{"line":12,"column":13}},"loc":{"start":{"line":12,"column":18},"end":{"line":14,"column":3}},"line":12},"3":{"name":"(anonymous_3)","decl":{"start":{"line":16,"column":12},"end":{"line":16,"column":13}},"loc":{"start":{"line":16,"column":18},"end":{"line":20,"column":3}},"line":16},"4":{"name":"(anonymous_4)","decl":{"start":{"line":28,"column":17},"end":{"line":28,"column":18}},"loc":{"start":{"line":29,"column":8},"end":{"line":43,"column":15}},"line":29},"5":{"name":"(anonymous_5)","decl":{"start":{"line":29,"column":83},"end":{"line":29,"column":84}},"loc":{"start":{"line":29,"column":89},"end":{"line":29,"column":124}},"line":29}},"branchMap":{"0":{"loc":{"start":{"line":17,"column":4},"end":{"line":19,"column":5}},"type":"if","locations":[{"start":{"line":17,"column":4},"end":{"line":19,"column":5}},{"start":{},"end":{}}],"line":17},"1":{"loc":{"start":{"line":22,"column":2},"end":{"line":24,"column":3}},"type":"if","locations":[{"start":{"line":22,"column":2},"end":{"line":24,"column":3}},{"start":{},"end":{}}],"line":22},"2":{"loc":{"start":{"line":40,"column":65},"end":{"line":40,"column":201}},"type":"cond-expr","locations":[{"start":{"line":40,"column":88},"end":{"line":40,"column":119}},{"start":{"line":40,"column":122},"end":{"line":40,"column":201}}],"line":40},"3":{"loc":{"start":{"line":40,"column":122},"end":{"line":40,"column":201}},"type":"cond-expr","locations":[{"start":{"line":40,"column":144},"end":{"line":40,"column":171}},{"start":{"line":40,"column":174},"end":{"line":40,"column":201}}],"line":40}},"s":{"0":4,"1":48,"2":46,"3":92,"4":18,"5":0,"6":18,"7":0,"8":0,"9":18,"10":2,"11":16,"12":0,"13":0,"14":4},"f":{"0":48,"1":92,"2":0,"3":0,"4":0,"5":0},"b":{"0":[0,0],"1":[2,16],"2":[0,0],"3":[0,0]},"_coverageSchema":"1a1c01bbd47fc00a2c39e90264f33305004495a9","hash":"a04a20a2a4cd1b3ba928bcedc2ffeec6370b478a"}
,"C:\\Users\\UsEr\\OneDrive\\Dokumen\\lumoshive\\mini-proyek\\mini-proyek-8\\src\\components\\DarkModeToggle.jsx": {"path":"C:\\Users\\UsEr\\OneDrive\\Dokumen\\lumoshive\\mini-proyek\\mini-proyek-8\\src\\components\\DarkModeToggle.jsx","statementMap":{"0":{"start":{"line":7,"column":23},"end":{"line":34,"column":1}},"1":{"start":{"line":8,"column":19},"end":{"line":8,"column":32}},"2":{"start":{"line":9,"column":21},"end":{"line":9,"column":70}},"3":{"start":{"line":9,"column":44},"end":{"line":9,"column":69}},"4":{"start":{"line":11,"column":22},"end":{"line":13,"column":3}},"5":{"start":{"line":12,"column":4},"end":{"line":12,"column":31}},"6":{"start":{"line":15,"column":2},"end":{"line":33,"column":4}}},"fnMap":{"0":{"name":"(anonymous_0)","decl":{"start":{"line":7,"column":23},"end":{"line":7,"column":24}},"loc":{"start":{"line":7,"column":29},"end":{"line":34,"column":1}},"line":7},"1":{"name":"(anonymous_1)","decl":{"start":{"line":9,"column":33},"end":{"line":9,"column":34}},"loc":{"start":{"line":9,"column":44},"end":{"line":9,"column":69}},"line":9},"2":{"name":"(anonymous_2)","decl":{"start":{"line":11,"column":22},"end":{"line":11,"column":23}},"loc":{"start":{"line":11,"column":28},"end":{"line":13,"column":3}},"line":11}},"branchMap":{"0":{"loc":{"start":{"line":19,"column":10},"end":{"line":19,"column":72}},"type":"cond-expr","locations":[{"start":{"line":19,"column":23},"end":{"line":19,"column":44}},{"start":{"line":19,"column":47},"end":{"line":19,"column":72}}],"line":19},"1":{"loc":{"start":{"line":21,"column":7},"end":{"line":31,"column":7}},"type":"cond-expr","locations":[{"start":{"line":22,"column":8},"end":{"line":25,"column":11}},{"start":{"line":27,"column":8},"end":{"line":30,"column":11}}],"line":21}},"s":{"0":3,"1":10,"2":10,"3":20,"4":10,"5":0,"6":10},"f":{"0":10,"1":20,"2":0},"b":{"0":[3,7],"1":[3,7]},"_coverageSchema":"1a1c01bbd47fc00a2c39e90264f33305004495a9","hash":"0f8a41a4168dc504e5b43be6b23ade0a110059e3"}
,"C:\\Users\\UsEr\\OneDrive\\Dokumen\\lumoshive\\mini-proyek\\mini-proyek-8\\src\\components\\HeaderComponent.jsx": {"path":"C:\\Users\\UsEr\\OneDrive\\Dokumen\\lumoshive\\mini-proyek\\mini-proyek-8\\src\\components\\HeaderComponent.jsx","statementMap":{"0":{"start":{"line":4,"column":24},"end":{"line":6,"column":1}},"1":{"start":{"line":5,"column":2},"end":{"line":5,"column":167}}},"fnMap":{"0":{"name":"(anonymous_0)","decl":{"start":{"line":4,"column":24},"end":{"line":4,"column":25}},"loc":{"start":{"line":4,"column":42},"end":{"line":6,"column":1}},"line":4}},"branchMap":{},"s":{"0":3,"1":2},"f":{"0":2},"b":{},"_coverageSchema":"1a1c01bbd47fc00a2c39e90264f33305004495a9","hash":"fe6164ab820caa65c1ef71820c45e5a8aecfb0ca"}
,"C:\\Users\\UsEr\\OneDrive\\Dokumen\\lumoshive\\mini-proyek\\mini-proyek-8\\src\\components\\HeroImage.jsx": {"path":"C:\\Users\\UsEr\\OneDrive\\Dokumen\\lumoshive\\mini-proyek\\mini-proyek-8\\src\\components\\HeroImage.jsx","statementMap":{"0":{"start":{"line":5,"column":18},"end":{"line":11,"column":1}},"1":{"start":{"line":6,"column":2},"end":{"line":10,"column":4}}},"fnMap":{"0":{"name":"(anonymous_0)","decl":{"start":{"line":5,"column":18},"end":{"line":5,"column":19}},"loc":{"start":{"line":5,"column":24},"end":{"line":11,"column":1}},"line":5}},"branchMap":{},"s":{"0":3,"1":1},"f":{"0":1},"b":{},"_coverageSchema":"1a1c01bbd47fc00a2c39e90264f33305004495a9","hash":"5747f9a63adc9069f1366818e25a72c53c765ff9"}
,"C:\\Users\\UsEr\\OneDrive\\Dokumen\\lumoshive\\mini-proyek\\mini-proyek-8\\src\\components\\NewsLetterComponent.jsx": {"path":"C:\\Users\\UsEr\\OneDrive\\Dokumen\\lumoshive\\mini-proyek\\mini-proyek-8\\src\\components\\NewsLetterComponent.jsx","statementMap":{"0":{"start":{"line":7,"column":28},"end":{"line":51,"column":1}},"1":{"start":{"line":8,"column":28},"end":{"line":8,"column":40}},"2":{"start":{"line":9,"column":25},"end":{"line":9,"column":59}},"3":{"start":{"line":9,"column":48},"end":{"line":9,"column":58}},"4":{"start":{"line":10,"column":19},"end":{"line":10,"column":32}},"5":{"start":{"line":11,"column":19},"end":{"line":13,"column":3}},"6":{"start":{"line":12,"column":4},"end":{"line":12,"column":29}},"7":{"start":{"line":15,"column":23},"end":{"line":19,"column":3}},"8":{"start":{"line":16,"column":4},"end":{"line":16,"column":23}},"9":{"start":{"line":17,"column":4},"end":{"line":17,"column":31}},"10":{"start":{"line":18,"column":4},"end":{"line":18,"column":17}},"11":{"start":{"line":21,"column":2},"end":{"line":50,"column":4}}},"fnMap":{"0":{"name":"(anonymous_0)","decl":{"start":{"line":7,"column":28},"end":{"line":7,"column":29}},"loc":{"start":{"line":7,"column":34},"end":{"line":51,"column":1}},"line":7},"1":{"name":"(anonymous_1)","decl":{"start":{"line":9,"column":37},"end":{"line":9,"column":38}},"loc":{"start":{"line":9,"column":48},"end":{"line":9,"column":58}},"line":9},"2":{"name":"(anonymous_2)","decl":{"start":{"line":11,"column":19},"end":{"line":11,"column":20}},"loc":{"start":{"line":11,"column":26},"end":{"line":13,"column":3}},"line":11},"3":{"name":"(anonymous_3)","decl":{"start":{"line":15,"column":23},"end":{"line":15,"column":24}},"loc":{"start":{"line":15,"column":30},"end":{"line":19,"column":3}},"line":15}},"branchMap":{"0":{"loc":{"start":{"line":42,"column":11},"end":{"line":42,"column":119}},"type":"cond-expr","locations":[{"start":{"line":42,"column":33},"end":{"line":42,"column":114}},{"start":{"line":42,"column":117},"end":{"line":42,"column":119}}],"line":42}},"s":{"0":3,"1":4,"2":4,"3":7,"4":4,"5":4,"6":1,"7":4,"8":0,"9":0,"10":0,"11":4},"f":{"0":4,"1":7,"2":1,"3":0},"b":{"0":[1,3]},"_coverageSchema":"1a1c01bbd47fc00a2c39e90264f33305004495a9","hash":"7a77c97f5f0234a4b6f8d0a6a433f58cd360077c"}
,"C:\\Users\\UsEr\\OneDrive\\Dokumen\\lumoshive\\mini-proyek\\mini-proyek-8\\src\\components\\NotFoundBlog.jsx": {"path":"C:\\Users\\UsEr\\OneDrive\\Dokumen\\lumoshive\\mini-proyek\\mini-proyek-8\\src\\components\\NotFoundBlog.jsx","statementMap":{"0":{"start":{"line":4,"column":21},"end":{"line":15,"column":1}},"1":{"start":{"line":5,"column":2},"end":{"line":14,"column":4}}},"fnMap":{"0":{"name":"(anonymous_0)","decl":{"start":{"line":4,"column":21},"end":{"line":4,"column":22}},"loc":{"start":{"line":4,"column":27},"end":{"line":15,"column":1}},"line":4}},"branchMap":{},"s":{"0":1,"1":1},"f":{"0":1},"b":{},"_coverageSchema":"1a1c01bbd47fc00a2c39e90264f33305004495a9","hash":"1a07d958e4739f176354caa82909906f36cb6f4b"}
,"C:\\Users\\UsEr\\OneDrive\\Dokumen\\lumoshive\\mini-proyek\\mini-proyek-8\\src\\components\\Pagination.jsx": {"path":"C:\\Users\\UsEr\\OneDrive\\Dokumen\\lumoshive\\mini-proyek\\mini-proyek-8\\src\\components\\Pagination.jsx","statementMap":{"0":{"start":{"line":7,"column":19},"end":{"line":22,"column":1}},"1":{"start":{"line":8,"column":20},"end":{"line":8,"column":64}},"2":{"start":{"line":8,"column":43},"end":{"line":8,"column":63}},"3":{"start":{"line":9,"column":21},"end":{"line":9,"column":70}},"4":{"start":{"line":9,"column":44},"end":{"line":9,"column":69}},"5":{"start":{"line":11,"column":2},"end":{"line":21,"column":4}},"6":{"start":{"line":24,"column":0},"end":{"line":28,"column":2}}},"fnMap":{"0":{"name":"(anonymous_0)","decl":{"start":{"line":7,"column":19},"end":{"line":7,"column":20}},"loc":{"start":{"line":7,"column":84},"end":{"line":22,"column":1}},"line":7},"1":{"name":"(anonymous_1)","decl":{"start":{"line":8,"column":32},"end":{"line":8,"column":33}},"loc":{"start":{"line":8,"column":43},"end":{"line":8,"column":63}},"line":8},"2":{"name":"(anonymous_2)","decl":{"start":{"line":9,"column":33},"end":{"line":9,"column":34}},"loc":{"start":{"line":9,"column":44},"end":{"line":9,"column":69}},"line":9}},"branchMap":{"0":{"loc":{"start":{"line":12,"column":57},"end":{"line":12,"column":97}},"type":"cond-expr","locations":[{"start":{"line":12,"column":70},"end":{"line":12,"column":82}},{"start":{"line":12,"column":85},"end":{"line":12,"column":97}}],"line":12},"1":{"loc":{"start":{"line":13,"column":136},"end":{"line":13,"column":216}},"type":"cond-expr","locations":[{"start":{"line":13,"column":149},"end":{"line":13,"column":192}},{"start":{"line":13,"column":195},"end":{"line":13,"column":216}}],"line":13},"2":{"loc":{"start":{"line":17,"column":136},"end":{"line":17,"column":216}},"type":"cond-expr","locations":[{"start":{"line":17,"column":149},"end":{"line":17,"column":192}},{"start":{"line":17,"column":195},"end":{"line":17,"column":216}}],"line":17}},"s":{"0":3,"1":20,"2":40,"3":20,"4":20,"5":0,"6":3},"f":{"0":20,"1":40,"2":20},"b":{"0":[0,0],"1":[0,0],"2":[0,0]},"_coverageSchema":"1a1c01bbd47fc00a2c39e90264f33305004495a9","hash":"fb63ecfab5008a7bbd7ee6d65ac3be35bcae507f"}
,"C:\\Users\\UsEr\\OneDrive\\Dokumen\\lumoshive\\mini-proyek\\mini-proyek-8\\src\\components\\RecentBlog.jsx": {"path":"C:\\Users\\UsEr\\OneDrive\\Dokumen\\lumoshive\\mini-proyek\\mini-proyek-8\\src\\components\\RecentBlog.jsx","statementMap":{"0":{"start":{"line":7,"column":19},"end":{"line":96,"column":1}},"1":{"start":{"line":8,"column":52},"end":{"line":8,"column":86}},"2":{"start":{"line":8,"column":75},"end":{"line":8,"column":85}},"3":{"start":{"line":9,"column":19},"end":{"line":9,"column":32}},"4":{"start":{"line":11,"column":2},"end":{"line":15,"column":37}},"5":{"start":{"line":12,"column":4},"end":{"line":14,"column":5}},"6":{"start":{"line":13,"column":6},"end":{"line":13,"column":34}},"7":{"start":{"line":17,"column":2},"end":{"line":19,"column":3}},"8":{"start":{"line":18,"column":4},"end":{"line":18,"column":37}},"9":{"start":{"line":21,"column":2},"end":{"line":95,"column":4}},"10":{"start":{"line":28,"column":10},"end":{"line":44,"column":17}},"11":{"start":{"line":48,"column":10},"end":{"line":68,"column":17}},"12":{"start":{"line":72,"column":8},"end":{"line":92,"column":15}}},"fnMap":{"0":{"name":"(anonymous_0)","decl":{"start":{"line":7,"column":19},"end":{"line":7,"column":20}},"loc":{"start":{"line":7,"column":25},"end":{"line":96,"column":1}},"line":7},"1":{"name":"(anonymous_1)","decl":{"start":{"line":8,"column":64},"end":{"line":8,"column":65}},"loc":{"start":{"line":8,"column":75},"end":{"line":8,"column":85}},"line":8},"2":{"name":"(anonymous_2)","decl":{"start":{"line":11,"column":12},"end":{"line":11,"column":13}},"loc":{"start":{"line":11,"column":18},"end":{"line":15,"column":3}},"line":11},"3":{"name":"(anonymous_3)","decl":{"start":{"line":27,"column":36},"end":{"line":27,"column":37}},"loc":{"start":{"line":28,"column":10},"end":{"line":44,"column":17}},"line":28},"4":{"name":"(anonymous_4)","decl":{"start":{"line":47,"column":36},"end":{"line":47,"column":37}},"loc":{"start":{"line":48,"column":10},"end":{"line":68,"column":17}},"line":48},"5":{"name":"(anonymous_5)","decl":{"start":{"line":71,"column":34},"end":{"line":71,"column":35}},"loc":{"start":{"line":72,"column":8},"end":{"line":92,"column":15}},"line":72}},"branchMap":{"0":{"loc":{"start":{"line":12,"column":4},"end":{"line":14,"column":5}},"type":"if","locations":[{"start":{"line":12,"column":4},"end":{"line":14,"column":5}},{"start":{},"end":{}}],"line":12},"1":{"loc":{"start":{"line":12,"column":8},"end":{"line":12,"column":30}},"type":"binary-expr","locations":[{"start":{"line":12,"column":8},"end":{"line":12,"column":18}},{"start":{"line":12,"column":22},"end":{"line":12,"column":30}}],"line":12},"2":{"loc":{"start":{"line":17,"column":2},"end":{"line":19,"column":3}},"type":"if","locations":[{"start":{"line":17,"column":2},"end":{"line":19,"column":3}},{"start":{},"end":{}}],"line":17},"3":{"loc":{"start":{"line":40,"column":69},"end":{"line":40,"column":210}},"type":"cond-expr","locations":[{"start":{"line":40,"column":92},"end":{"line":40,"column":123}},{"start":{"line":40,"column":126},"end":{"line":40,"column":210}}],"line":40},"4":{"loc":{"start":{"line":40,"column":126},"end":{"line":40,"column":210}},"type":"cond-expr","locations":[{"start":{"line":40,"column":153},"end":{"line":40,"column":180}},{"start":{"line":40,"column":183},"end":{"line":40,"column":210}}],"line":40},"5":{"loc":{"start":{"line":63,"column":71},"end":{"line":63,"column":212}},"type":"cond-expr","locations":[{"start":{"line":63,"column":94},"end":{"line":63,"column":125}},{"start":{"line":63,"column":128},"end":{"line":63,"column":212}}],"line":63},"6":{"loc":{"start":{"line":63,"column":128},"end":{"line":63,"column":212}},"type":"cond-expr","locations":[{"start":{"line":63,"column":155},"end":{"line":63,"column":182}},{"start":{"line":63,"column":185},"end":{"line":63,"column":212}}],"line":63},"7":{"loc":{"start":{"line":87,"column":69},"end":{"line":87,"column":210}},"type":"cond-expr","locations":[{"start":{"line":87,"column":92},"end":{"line":87,"column":123}},{"start":{"line":87,"column":126},"end":{"line":87,"column":210}}],"line":87},"8":{"loc":{"start":{"line":87,"column":126},"end":{"line":87,"column":210}},"type":"cond-expr","locations":[{"start":{"line":87,"column":153},"end":{"line":87,"column":180}},{"start":{"line":87,"column":183},"end":{"line":87,"column":210}}],"line":87}},"s":{"0":2,"1":8,"2":14,"3":7,"4":7,"5":3,"6":1,"7":7,"8":1,"9":6,"10":4,"11":4,"12":0},"f":{"0":8,"1":14,"2":3,"3":4,"4":4,"5":0},"b":{"0":[1,2],"1":[3,3],"2":[1,6],"3":[4,0],"4":[0,0],"5":[2,2],"6":[2,0],"7":[0,0],"8":[0,0]},"_coverageSchema":"1a1c01bbd47fc00a2c39e90264f33305004495a9","hash":"0abbd379660bb7939b28fbeaeb1d382d66bea037"}
,"C:\\Users\\UsEr\\OneDrive\\Dokumen\\lumoshive\\mini-proyek\\mini-proyek-8\\src\\context\\SchemaContext.jsx": {"path":"C:\\Users\\UsEr\\OneDrive\\Dokumen\\lumoshive\\mini-proyek\\mini-proyek-8\\src\\context\\SchemaContext.jsx","statementMap":{"0":{"start":{"line":5,"column":22},"end":{"line":5,"column":37}},"1":{"start":{"line":7,"column":30},"end":{"line":40,"column":1}},"2":{"start":{"line":8,"column":21},"end":{"line":37,"column":3}},"3":{"start":{"line":39,"column":2},"end":{"line":39,"column":88}},"4":{"start":{"line":42,"column":25},"end":{"line":42,"column":56}},"5":{"start":{"line":42,"column":31},"end":{"line":42,"column":56}}},"fnMap":{"0":{"name":"(anonymous_0)","decl":{"start":{"line":7,"column":30},"end":{"line":7,"column":31}},"loc":{"start":{"line":7,"column":48},"end":{"line":40,"column":1}},"line":7},"1":{"name":"(anonymous_1)","decl":{"start":{"line":42,"column":25},"end":{"line":42,"column":26}},"loc":{"start":{"line":42,"column":31},"end":{"line":42,"column":56}},"line":42}},"branchMap":{},"s":{"0":3,"1":3,"2":8,"3":8,"4":3,"5":0},"f":{"0":8,"1":0},"b":{},"_coverageSchema":"1a1c01bbd47fc00a2c39e90264f33305004495a9","hash":"d6f197fecf7318cac8dc3c73bff4791c1d7bcc2e"}
,"C:\\Users\\UsEr\\OneDrive\\Dokumen\\lumoshive\\mini-proyek\\mini-proyek-8\\src\\layouts\\Footer.jsx": {"path":"C:\\Users\\UsEr\\OneDrive\\Dokumen\\lumoshive\\mini-proyek\\mini-proyek-8\\src\\layouts\\Footer.jsx","statementMap":{"0":{"start":{"line":5,"column":15},"end":{"line":46,"column":1}},"1":{"start":{"line":6,"column":21},"end":{"line":6,"column":70}},"2":{"start":{"line":6,"column":44},"end":{"line":6,"column":69}},"3":{"start":{"line":8,"column":2},"end":{"line":45,"column":4}}},"fnMap":{"0":{"name":"(anonymous_0)","decl":{"start":{"line":5,"column":15},"end":{"line":5,"column":16}},"loc":{"start":{"line":5,"column":21},"end":{"line":46,"column":1}},"line":5},"1":{"name":"(anonymous_1)","decl":{"start":{"line":6,"column":33},"end":{"line":6,"column":34}},"loc":{"start":{"line":6,"column":44},"end":{"line":6,"column":69}},"line":6}},"branchMap":{"0":{"loc":{"start":{"line":9,"column":36},"end":{"line":9,"column":92}},"type":"cond-expr","locations":[{"start":{"line":9,"column":49},"end":{"line":9,"column":69}},{"start":{"line":9,"column":72},"end":{"line":9,"column":92}}],"line":9}},"s":{"0":2,"1":2,"2":4,"3":2},"f":{"0":2,"1":4},"b":{"0":[1,1]},"_coverageSchema":"1a1c01bbd47fc00a2c39e90264f33305004495a9","hash":"837409d7867179db483ad6a99296e3f8e653423a"}
,"C:\\Users\\UsEr\\OneDrive\\Dokumen\\lumoshive\\mini-proyek\\mini-proyek-8\\src\\layouts\\Navbar.jsx": {"path":"C:\\Users\\UsEr\\OneDrive\\Dokumen\\lumoshive\\mini-proyek\\mini-proyek-8\\src\\layouts\\Navbar.jsx","statementMap":{"0":{"start":{"line":7,"column":15},"end":{"line":82,"column":1}},"1":{"start":{"line":8,"column":38},"end":{"line":8,"column":53}},"2":{"start":{"line":9,"column":21},"end":{"line":9,"column":70}},"3":{"start":{"line":9,"column":44},"end":{"line":9,"column":69}},"4":{"start":{"line":11,"column":21},"end":{"line":13,"column":3}},"5":{"start":{"line":12,"column":4},"end":{"line":12,"column":31}},"6":{"start":{"line":15,"column":2},"end":{"line":81,"column":4}}},"fnMap":{"0":{"name":"(anonymous_0)","decl":{"start":{"line":7,"column":15},"end":{"line":7,"column":16}},"loc":{"start":{"line":7,"column":21},"end":{"line":82,"column":1}},"line":7},"1":{"name":"(anonymous_1)","decl":{"start":{"line":9,"column":33},"end":{"line":9,"column":34}},"loc":{"start":{"line":9,"column":44},"end":{"line":9,"column":69}},"line":9},"2":{"name":"(anonymous_2)","decl":{"start":{"line":11,"column":21},"end":{"line":11,"column":22}},"loc":{"start":{"line":11,"column":27},"end":{"line":13,"column":3}},"line":11}},"branchMap":{"0":{"loc":{"start":{"line":16,"column":101},"end":{"line":16,"column":163}},"type":"cond-expr","locations":[{"start":{"line":16,"column":114},"end":{"line":16,"column":139}},{"start":{"line":16,"column":142},"end":{"line":16,"column":163}}],"line":16},"1":{"loc":{"start":{"line":48,"column":7},"end":{"line":79,"column":7}},"type":"binary-expr","locations":[{"start":{"line":48,"column":7},"end":{"line":48,"column":17}},{"start":{"line":49,"column":8},"end":{"line":78,"column":14}}],"line":48},"2":{"loc":{"start":{"line":49,"column":51},"end":{"line":49,"column":113}},"type":"cond-expr","locations":[{"start":{"line":49,"column":64},"end":{"line":49,"column":89}},{"start":{"line":49,"column":92},"end":{"line":49,"column":113}}],"line":49}},"s":{"0":2,"1":9,"2":8,"3":16,"4":8,"5":0,"6":8},"f":{"0":9,"1":16,"2":0},"b":{"0":[2,6],"1":[8,0],"2":[0,0]},"_coverageSchema":"1a1c01bbd47fc00a2c39e90264f33305004495a9","hash":"7c5a066a643e0abf6cd6e2eda441e6a50fc32da6"}
,"C:\\Users\\UsEr\\OneDrive\\Dokumen\\lumoshive\\mini-proyek\\mini-proyek-8\\src\\pages\\About.jsx": {"path":"C:\\Users\\UsEr\\OneDrive\\Dokumen\\lumoshive\\mini-proyek\\mini-proyek-8\\src\\pages\\About.jsx","statementMap":{"0":{"start":{"line":10,"column":14},"end":{"line":26,"column":1}},"1":{"start":{"line":11,"column":17},"end":{"line":11,"column":28}},"2":{"start":{"line":12,"column":21},"end":{"line":12,"column":70}},"3":{"start":{"line":12,"column":44},"end":{"line":12,"column":69}},"4":{"start":{"line":13,"column":2},"end":{"line":25,"column":4}}},"fnMap":{"0":{"name":"(anonymous_0)","decl":{"start":{"line":10,"column":14},"end":{"line":10,"column":15}},"loc":{"start":{"line":10,"column":20},"end":{"line":26,"column":1}},"line":10},"1":{"name":"(anonymous_1)","decl":{"start":{"line":12,"column":33},"end":{"line":12,"column":34}},"loc":{"start":{"line":12,"column":44},"end":{"line":12,"column":69}},"line":12}},"branchMap":{"0":{"loc":{"start":{"line":14,"column":67},"end":{"line":14,"column":129}},"type":"cond-expr","locations":[{"start":{"line":14,"column":80},"end":{"line":14,"column":105}},{"start":{"line":14,"column":108},"end":{"line":14,"column":129}}],"line":14}},"s":{"0":2,"1":0,"2":0,"3":0,"4":0},"f":{"0":0,"1":0},"b":{"0":[0,0]},"_coverageSchema":"1a1c01bbd47fc00a2c39e90264f33305004495a9","hash":"c9396dbc92c5fa1079179d30c1b7d919fa1e9abd"}
,"C:\\Users\\UsEr\\OneDrive\\Dokumen\\lumoshive\\mini-proyek\\mini-proyek-8\\src\\pages\\BlogDetail.jsx": {"path":"C:\\Users\\UsEr\\OneDrive\\Dokumen\\lumoshive\\mini-proyek\\mini-proyek-8\\src\\pages\\BlogDetail.jsx","statementMap":{"0":{"start":{"line":6,"column":28},"end":{"line":6,"column":83}},"1":{"start":{"line":6,"column":39},"end":{"line":6,"column":82}},"2":{"start":{"line":7,"column":28},"end":{"line":7,"column":83}},"3":{"start":{"line":7,"column":39},"end":{"line":7,"column":82}},"4":{"start":{"line":8,"column":26},"end":{"line":8,"column":79}},"5":{"start":{"line":8,"column":37},"end":{"line":8,"column":78}},"6":{"start":{"line":10,"column":19},"end":{"line":36,"column":1}},"7":{"start":{"line":11,"column":21},"end":{"line":11,"column":70}},"8":{"start":{"line":11,"column":44},"end":{"line":11,"column":69}},"9":{"start":{"line":13,"column":2},"end":{"line":35,"column":4}}},"fnMap":{"0":{"name":"(anonymous_0)","decl":{"start":{"line":6,"column":33},"end":{"line":6,"column":34}},"loc":{"start":{"line":6,"column":39},"end":{"line":6,"column":82}},"line":6},"1":{"name":"(anonymous_1)","decl":{"start":{"line":7,"column":33},"end":{"line":7,"column":34}},"loc":{"start":{"line":7,"column":39},"end":{"line":7,"column":82}},"line":7},"2":{"name":"(anonymous_2)","decl":{"start":{"line":8,"column":31},"end":{"line":8,"column":32}},"loc":{"start":{"line":8,"column":37},"end":{"line":8,"column":78}},"line":8},"3":{"name":"(anonymous_3)","decl":{"start":{"line":10,"column":19},"end":{"line":10,"column":20}},"loc":{"start":{"line":10,"column":25},"end":{"line":36,"column":1}},"line":10},"4":{"name":"(anonymous_4)","decl":{"start":{"line":11,"column":33},"end":{"line":11,"column":34}},"loc":{"start":{"line":11,"column":44},"end":{"line":11,"column":69}},"line":11}},"branchMap":{"0":{"loc":{"start":{"line":15,"column":69},"end":{"line":15,"column":131}},"type":"cond-expr","locations":[{"start":{"line":15,"column":82},"end":{"line":15,"column":107}},{"start":{"line":15,"column":110},"end":{"line":15,"column":131}}],"line":15}},"s":{"0":1,"1":0,"2":1,"3":0,"4":1,"5":0,"6":1,"7":0,"8":0,"9":0},"f":{"0":0,"1":0,"2":0,"3":0,"4":0},"b":{"0":[0,0]},"_coverageSchema":"1a1c01bbd47fc00a2c39e90264f33305004495a9","hash":"ebcc1bc1c9bcab0dc95b493152f4773256648508"}
,"C:\\Users\\UsEr\\OneDrive\\Dokumen\\lumoshive\\mini-proyek\\mini-proyek-8\\src\\pages\\BlogPage.jsx": {"path":"C:\\Users\\UsEr\\OneDrive\\Dokumen\\lumoshive\\mini-proyek\\mini-proyek-8\\src\\pages\\BlogPage.jsx","statementMap":{"0":{"start":{"line":9,"column":17},"end":{"line":24,"column":1}},"1":{"start":{"line":10,"column":17},"end":{"line":10,"column":28}},"2":{"start":{"line":11,"column":21},"end":{"line":11,"column":70}},"3":{"start":{"line":11,"column":44},"end":{"line":11,"column":69}},"4":{"start":{"line":12,"column":2},"end":{"line":23,"column":4}}},"fnMap":{"0":{"name":"(anonymous_0)","decl":{"start":{"line":9,"column":17},"end":{"line":9,"column":18}},"loc":{"start":{"line":9,"column":23},"end":{"line":24,"column":1}},"line":9},"1":{"name":"(anonymous_1)","decl":{"start":{"line":11,"column":33},"end":{"line":11,"column":34}},"loc":{"start":{"line":11,"column":44},"end":{"line":11,"column":69}},"line":11}},"branchMap":{"0":{"loc":{"start":{"line":13,"column":67},"end":{"line":13,"column":129}},"type":"cond-expr","locations":[{"start":{"line":13,"column":80},"end":{"line":13,"column":105}},{"start":{"line":13,"column":108},"end":{"line":13,"column":129}}],"line":13}},"s":{"0":1,"1":0,"2":0,"3":0,"4":0},"f":{"0":0,"1":0},"b":{"0":[0,0]},"_coverageSchema":"1a1c01bbd47fc00a2c39e90264f33305004495a9","hash":"43cb0843e24e68a79df8ac1248eb14030fbd0572"}
,"C:\\Users\\UsEr\\OneDrive\\Dokumen\\lumoshive\\mini-proyek\\mini-proyek-8\\src\\pages\\HomePage.jsx": {"path":"C:\\Users\\UsEr\\OneDrive\\Dokumen\\lumoshive\\mini-proyek\\mini-proyek-8\\src\\pages\\HomePage.jsx","statementMap":{"0":{"start":{"line":6,"column":17},"end":{"line":14,"column":1}},"1":{"start":{"line":7,"column":21},"end":{"line":7,"column":70}},"2":{"start":{"line":7,"column":44},"end":{"line":7,"column":69}},"3":{"start":{"line":8,"column":2},"end":{"line":13,"column":4}}},"fnMap":{"0":{"name":"(anonymous_0)","decl":{"start":{"line":6,"column":17},"end":{"line":6,"column":18}},"loc":{"start":{"line":6,"column":23},"end":{"line":14,"column":1}},"line":6},"1":{"name":"(anonymous_1)","decl":{"start":{"line":7,"column":33},"end":{"line":7,"column":34}},"loc":{"start":{"line":7,"column":44},"end":{"line":7,"column":69}},"line":7}},"branchMap":{"0":{"loc":{"start":{"line":9,"column":67},"end":{"line":9,"column":129}},"type":"cond-expr","locations":[{"start":{"line":9,"column":80},"end":{"line":9,"column":105}},{"start":{"line":9,"column":108},"end":{"line":9,"column":129}}],"line":9}},"s":{"0":1,"1":0,"2":0,"3":0},"f":{"0":0,"1":0},"b":{"0":[0,0]},"_coverageSchema":"1a1c01bbd47fc00a2c39e90264f33305004495a9","hash":"30fccc34e3d3b03a4ebc4a66c48eb0e153678e4b"}
,"C:\\Users\\UsEr\\OneDrive\\Dokumen\\lumoshive\\mini-proyek\\mini-proyek-8\\src\\pages\\LoadingPage.jsx": {"path":"C:\\Users\\UsEr\\OneDrive\\Dokumen\\lumoshive\\mini-proyek\\mini-proyek-8\\src\\pages\\LoadingPage.jsx","statementMap":{"0":{"start":{"line":5,"column":20},"end":{"line":13,"column":1}},"1":{"start":{"line":6,"column":21},"end":{"line":6,"column":70}},"2":{"start":{"line":6,"column":44},"end":{"line":6,"column":69}},"3":{"start":{"line":8,"column":2},"end":{"line":12,"column":4}}},"fnMap":{"0":{"name":"(anonymous_0)","decl":{"start":{"line":5,"column":20},"end":{"line":5,"column":21}},"loc":{"start":{"line":5,"column":26},"end":{"line":13,"column":1}},"line":5},"1":{"name":"(anonymous_1)","decl":{"start":{"line":6,"column":33},"end":{"line":6,"column":34}},"loc":{"start":{"line":6,"column":44},"end":{"line":6,"column":69}},"line":6}},"branchMap":{"0":{"loc":{"start":{"line":9,"column":65},"end":{"line":9,"column":105}},"type":"cond-expr","locations":[{"start":{"line":9,"column":78},"end":{"line":9,"column":92}},{"start":{"line":9,"column":95},"end":{"line":9,"column":105}}],"line":9},"1":{"loc":{"start":{"line":10,"column":70},"end":{"line":10,"column":160}},"type":"cond-expr","locations":[{"start":{"line":10,"column":83},"end":{"line":10,"column":122}},{"start":{"line":10,"column":125},"end":{"line":10,"column":160}}],"line":10}},"s":{"0":3,"1":5,"2":4,"3":0},"f":{"0":5,"1":4},"b":{"0":[0,0],"1":[0,0]},"_coverageSchema":"1a1c01bbd47fc00a2c39e90264f33305004495a9","hash":"3a8178af4227cd9bb0beef0f2c9b2f29a9b73a5f"}
,"C:\\Users\\UsEr\\OneDrive\\Dokumen\\lumoshive\\mini-proyek\\mini-proyek-8\\src\\pages\\NewsLetterPage.jsx": {"path":"C:\\Users\\UsEr\\OneDrive\\Dokumen\\lumoshive\\mini-proyek\\mini-proyek-8\\src\\pages\\NewsLetterPage.jsx","statementMap":{"0":{"start":{"line":9,"column":23},"end":{"line":28,"column":1}},"1":{"start":{"line":10,"column":17},"end":{"line":10,"column":28}},"2":{"start":{"line":11,"column":21},"end":{"line":11,"column":70}},"3":{"start":{"line":11,"column":44},"end":{"line":11,"column":69}},"4":{"start":{"line":13,"column":2},"end":{"line":27,"column":4}}},"fnMap":{"0":{"name":"(anonymous_0)","decl":{"start":{"line":9,"column":23},"end":{"line":9,"column":24}},"loc":{"start":{"line":9,"column":29},"end":{"line":28,"column":1}},"line":9},"1":{"name":"(anonymous_1)","decl":{"start":{"line":11,"column":33},"end":{"line":11,"column":34}},"loc":{"start":{"line":11,"column":44},"end":{"line":11,"column":69}},"line":11}},"branchMap":{"0":{"loc":{"start":{"line":14,"column":57},"end":{"line":14,"column":119}},"type":"cond-expr","locations":[{"start":{"line":14,"column":70},"end":{"line":14,"column":95}},{"start":{"line":14,"column":98},"end":{"line":14,"column":119}}],"line":14}},"s":{"0":2,"1":0,"2":0,"3":0,"4":0},"f":{"0":0,"1":0},"b":{"0":[0,0]},"_coverageSchema":"1a1c01bbd47fc00a2c39e90264f33305004495a9","hash":"6f2b626cefaa9283a992aeb2a5750846bb5c30fc"}
,"C:\\Users\\UsEr\\OneDrive\\Dokumen\\lumoshive\\mini-proyek\\mini-proyek-8\\src\\pages\\NotFoundPage.jsx": {"path":"C:\\Users\\UsEr\\OneDrive\\Dokumen\\lumoshive\\mini-proyek\\mini-proyek-8\\src\\pages\\NotFoundPage.jsx","statementMap":{"0":{"start":{"line":5,"column":21},"end":{"line":15,"column":1}},"1":{"start":{"line":6,"column":21},"end":{"line":6,"column":70}},"2":{"start":{"line":6,"column":44},"end":{"line":6,"column":69}},"3":{"start":{"line":8,"column":2},"end":{"line":14,"column":4}}},"fnMap":{"0":{"name":"(anonymous_0)","decl":{"start":{"line":5,"column":21},"end":{"line":5,"column":22}},"loc":{"start":{"line":5,"column":27},"end":{"line":15,"column":1}},"line":5},"1":{"name":"(anonymous_1)","decl":{"start":{"line":6,"column":33},"end":{"line":6,"column":34}},"loc":{"start":{"line":6,"column":44},"end":{"line":6,"column":69}},"line":6}},"branchMap":{"0":{"loc":{"start":{"line":9,"column":74},"end":{"line":9,"column":142}},"type":"cond-expr","locations":[{"start":{"line":9,"column":87},"end":{"line":9,"column":112}},{"start":{"line":9,"column":115},"end":{"line":9,"column":142}}],"line":9}},"s":{"0":2,"1":2,"2":4,"3":2},"f":{"0":2,"1":4},"b":{"0":[1,1]},"_coverageSchema":"1a1c01bbd47fc00a2c39e90264f33305004495a9","hash":"55fa0074b7859219ba5f6b340045824bfa4f9235"}
,"C:\\Users\\UsEr\\OneDrive\\Dokumen\\lumoshive\\mini-proyek\\mini-proyek-8\\src\\redux\\index.js": {"path":"C:\\Users\\UsEr\\OneDrive\\Dokumen\\lumoshive\\mini-proyek\\mini-proyek-8\\src\\redux\\index.js","statementMap":{"0":{"start":{"line":10,"column":22},"end":{"line":13,"column":1}},"1":{"start":{"line":16,"column":20},"end":{"line":19,"column":2}},"2":{"start":{"line":22,"column":25},"end":{"line":22,"column":67}},"3":{"start":{"line":25,"column":21},"end":{"line":31,"column":2}},"4":{"start":{"line":28,"column":4},"end":{"line":30,"column":6}},"5":{"start":{"line":34,"column":25},"end":{"line":34,"column":44}}},"fnMap":{"0":{"name":"(anonymous_0)","decl":{"start":{"line":27,"column":14},"end":{"line":27,"column":15}},"loc":{"start":{"line":28,"column":4},"end":{"line":30,"column":6}},"line":28}},"branchMap":{},"s":{"0":1,"1":1,"2":1,"3":1,"4":1,"5":1},"f":{"0":1},"b":{},"_coverageSchema":"1a1c01bbd47fc00a2c39e90264f33305004495a9","hash":"b8637868218a5b741e747c0d5d2faaffa6896da9"}
,"C:\\Users\\UsEr\\OneDrive\\Dokumen\\lumoshive\\mini-proyek\\mini-proyek-8\\src\\redux\\async\\blogSlice.js": {"path":"C:\\Users\\UsEr\\OneDrive\\Dokumen\\lumoshive\\mini-proyek\\mini-proyek-8\\src\\redux\\async\\blogSlice.js","statementMap":{"0":{"start":{"line":5,"column":16},"end":{"line":5,"column":64}},"1":{"start":{"line":7,"column":21},"end":{"line":16,"column":1}},"2":{"start":{"line":18,"column":31},"end":{"line":21,"column":2}},"3":{"start":{"line":19,"column":19},"end":{"line":19,"column":77}},"4":{"start":{"line":20,"column":2},"end":{"line":20,"column":23}},"5":{"start":{"line":23,"column":26},"end":{"line":26,"column":2}},"6":{"start":{"line":24,"column":19},"end":{"line":24,"column":71}},"7":{"start":{"line":25,"column":2},"end":{"line":25,"column":23}},"8":{"start":{"line":28,"column":31},"end":{"line":31,"column":2}},"9":{"start":{"line":29,"column":19},"end":{"line":29,"column":65}},"10":{"start":{"line":30,"column":2},"end":{"line":30,"column":31}},"11":{"start":{"line":33,"column":25},"end":{"line":36,"column":2}},"12":{"start":{"line":34,"column":19},"end":{"line":34,"column":74}},"13":{"start":{"line":35,"column":2},"end":{"line":35,"column":23}},"14":{"start":{"line":38,"column":18},"end":{"line":116,"column":2}},"15":{"start":{"line":43,"column":6},"end":{"line":43,"column":41}},"16":{"start":{"line":46,"column":6},"end":{"line":46,"column":23}},"17":{"start":{"line":47,"column":6},"end":{"line":47,"column":28}},"18":{"start":{"line":51,"column":4},"end":{"line":65,"column":9}},"19":{"start":{"line":53,"column":8},"end":{"line":53,"column":29}},"20":{"start":{"line":54,"column":8},"end":{"line":54,"column":27}},"21":{"start":{"line":57,"column":8},"end":{"line":57,"column":42}},"22":{"start":{"line":58,"column":8},"end":{"line":58,"column":31}},"23":{"start":{"line":59,"column":8},"end":{"line":59,"column":30}},"24":{"start":{"line":60,"column":8},"end":{"line":60,"column":27}},"25":{"start":{"line":63,"column":8},"end":{"line":63,"column":30}},"26":{"start":{"line":64,"column":8},"end":{"line":64,"column":43}},"27":{"start":{"line":67,"column":4},"end":{"line":81,"column":9}},"28":{"start":{"line":69,"column":8},"end":{"line":69,"column":29}},"29":{"start":{"line":70,"column":8},"end":{"line":70,"column":27}},"30":{"start":{"line":73,"column":8},"end":{"line":73,"column":37}},"31":{"start":{"line":74,"column":8},"end":{"line":74,"column":31}},"32":{"start":{"line":75,"column":8},"end":{"line":75,"column":30}},"33":{"start":{"line":76,"column":8},"end":{"line":76,"column":27}},"34":{"start":{"line":79,"column":8},"end":{"line":79,"column":30}},"35":{"start":{"line":80,"column":8},"end":{"line":80,"column":43}},"36":{"start":{"line":83,"column":4},"end":{"line":97,"column":9}},"37":{"start":{"line":85,"column":8},"end":{"line":85,"column":29}},"38":{"start":{"line":86,"column":8},"end":{"line":86,"column":27}},"39":{"start":{"line":89,"column":8},"end":{"line":89,"column":36}},"40":{"start":{"line":90,"column":8},"end":{"line":90,"column":31}},"41":{"start":{"line":91,"column":8},"end":{"line":91,"column":30}},"42":{"start":{"line":92,"column":8},"end":{"line":92,"column":27}},"43":{"start":{"line":95,"column":8},"end":{"line":95,"column":30}},"44":{"start":{"line":96,"column":8},"end":{"line":96,"column":43}},"45":{"start":{"line":99,"column":4},"end":{"line":114,"column":9}},"46":{"start":{"line":101,"column":8},"end":{"line":101,"column":29}},"47":{"start":{"line":102,"column":8},"end":{"line":102,"column":33}},"48":{"start":{"line":103,"column":8},"end":{"line":103,"column":27}},"49":{"start":{"line":106,"column":8},"end":{"line":106,"column":30}},"50":{"start":{"line":107,"column":8},"end":{"line":107,"column":32}},"51":{"start":{"line":108,"column":8},"end":{"line":108,"column":27}},"52":{"start":{"line":111,"column":8},"end":{"line":111,"column":30}},"53":{"start":{"line":112,"column":8},"end":{"line":112,"column":33}},"54":{"start":{"line":113,"column":8},"end":{"line":113,"column":43}},"55":{"start":{"line":118,"column":46},"end":{"line":118,"column":63}}},"fnMap":{"0":{"name":"(anonymous_0)","decl":{"start":{"line":18,"column":72},"end":{"line":18,"column":73}},"loc":{"start":{"line":18,"column":84},"end":{"line":21,"column":1}},"line":18},"1":{"name":"(anonymous_1)","decl":{"start":{"line":23,"column":62},"end":{"line":23,"column":63}},"loc":{"start":{"line":23,"column":82},"end":{"line":26,"column":1}},"line":23},"2":{"name":"(anonymous_2)","decl":{"start":{"line":28,"column":72},"end":{"line":28,"column":73}},"loc":{"start":{"line":28,"column":86},"end":{"line":31,"column":1}},"line":28},"3":{"name":"(anonymous_3)","decl":{"start":{"line":33,"column":60},"end":{"line":33,"column":61}},"loc":{"start":{"line":33,"column":77},"end":{"line":36,"column":1}},"line":33},"4":{"name":"(anonymous_4)","decl":{"start":{"line":42,"column":20},"end":{"line":42,"column":21}},"loc":{"start":{"line":42,"column":39},"end":{"line":44,"column":5}},"line":42},"5":{"name":"(anonymous_5)","decl":{"start":{"line":45,"column":16},"end":{"line":45,"column":17}},"loc":{"start":{"line":45,"column":27},"end":{"line":48,"column":5}},"line":45},"6":{"name":"(anonymous_6)","decl":{"start":{"line":50,"column":17},"end":{"line":50,"column":18}},"loc":{"start":{"line":50,"column":30},"end":{"line":115,"column":3}},"line":50},"7":{"name":"(anonymous_7)","decl":{"start":{"line":52,"column":40},"end":{"line":52,"column":41}},"loc":{"start":{"line":52,"column":51},"end":{"line":55,"column":7}},"line":52},"8":{"name":"(anonymous_8)","decl":{"start":{"line":56,"column":42},"end":{"line":56,"column":43}},"loc":{"start":{"line":56,"column":61},"end":{"line":61,"column":7}},"line":56},"9":{"name":"(anonymous_9)","decl":{"start":{"line":62,"column":41},"end":{"line":62,"column":42}},"loc":{"start":{"line":62,"column":60},"end":{"line":65,"column":7}},"line":62},"10":{"name":"(anonymous_10)","decl":{"start":{"line":68,"column":35},"end":{"line":68,"column":36}},"loc":{"start":{"line":68,"column":46},"end":{"line":71,"column":7}},"line":68},"11":{"name":"(anonymous_11)","decl":{"start":{"line":72,"column":37},"end":{"line":72,"column":38}},"loc":{"start":{"line":72,"column":56},"end":{"line":77,"column":7}},"line":72},"12":{"name":"(anonymous_12)","decl":{"start":{"line":78,"column":36},"end":{"line":78,"column":37}},"loc":{"start":{"line":78,"column":55},"end":{"line":81,"column":7}},"line":78},"13":{"name":"(anonymous_13)","decl":{"start":{"line":84,"column":40},"end":{"line":84,"column":41}},"loc":{"start":{"line":84,"column":51},"end":{"line":87,"column":7}},"line":84},"14":{"name":"(anonymous_14)","decl":{"start":{"line":88,"column":42},"end":{"line":88,"column":43}},"loc":{"start":{"line":88,"column":61},"end":{"line":93,"column":7}},"line":88},"15":{"name":"(anonymous_15)","decl":{"start":{"line":94,"column":41},"end":{"line":94,"column":42}},"loc":{"start":{"line":94,"column":60},"end":{"line":97,"column":7}},"line":94},"16":{"name":"(anonymous_16)","decl":{"start":{"line":100,"column":34},"end":{"line":100,"column":35}},"loc":{"start":{"line":100,"column":45},"end":{"line":104,"column":7}},"line":100},"17":{"name":"(anonymous_17)","decl":{"start":{"line":105,"column":36},"end":{"line":105,"column":37}},"loc":{"start":{"line":105,"column":47},"end":{"line":109,"column":7}},"line":105},"18":{"name":"(anonymous_18)","decl":{"start":{"line":110,"column":35},"end":{"line":110,"column":36}},"loc":{"start":{"line":110,"column":54},"end":{"line":114,"column":7}},"line":110}},"branchMap":{"0":{"loc":{"start":{"line":23,"column":69},"end":{"line":23,"column":77}},"type":"default-arg","locations":[{"start":{"line":23,"column":76},"end":{"line":23,"column":77}}],"line":23}},"s":{"0":6,"1":6,"2":6,"3":1,"4":0,"5":6,"6":0,"7":0,"8":6,"9":0,"10":0,"11":6,"12":0,"13":0,"14":6,"15":0,"16":0,"17":0,"18":4,"19":1,"20":1,"21":0,"22":0,"23":0,"24":0,"25":0,"26":0,"27":4,"28":0,"29":0,"30":0,"31":0,"32":0,"33":0,"34":0,"35":0,"36":4,"37":0,"38":0,"39":0,"40":0,"41":0,"42":0,"43":0,"44":0,"45":4,"46":0,"47":0,"48":0,"49":0,"50":0,"51":0,"52":0,"53":0,"54":0,"55":6},"f":{"0":1,"1":0,"2":0,"3":0,"4":0,"5":0,"6":4,"7":1,"8":0,"9":0,"10":0,"11":0,"12":0,"13":0,"14":0,"15":0,"16":0,"17":0,"18":0},"b":{"0":[0]},"_coverageSchema":"1a1c01bbd47fc00a2c39e90264f33305004495a9","hash":"1e79aa5cef52d1f92dfee27ee0f8271a4bbf8b6b"}
,"C:\\Users\\UsEr\\OneDrive\\Dokumen\\lumoshive\\mini-proyek\\mini-proyek-8\\src\\redux\\slice\\darkmodeSlice.js": {"path":"C:\\Users\\UsEr\\OneDrive\\Dokumen\\lumoshive\\mini-proyek\\mini-proyek-8\\src\\redux\\slice\\darkmodeSlice.js","statementMap":{"0":{"start":{"line":4,"column":21},"end":{"line":6,"column":1}},"1":{"start":{"line":8,"column":22},"end":{"line":19,"column":2}},"2":{"start":{"line":13,"column":6},"end":{"line":13,"column":43}},"3":{"start":{"line":16,"column":6},"end":{"line":16,"column":40}},"4":{"start":{"line":22,"column":47},"end":{"line":22,"column":68}}},"fnMap":{"0":{"name":"(anonymous_0)","decl":{"start":{"line":12,"column":20},"end":{"line":12,"column":21}},"loc":{"start":{"line":12,"column":31},"end":{"line":14,"column":5}},"line":12},"1":{"name":"(anonymous_1)","decl":{"start":{"line":15,"column":17},"end":{"line":15,"column":18}},"loc":{"start":{"line":15,"column":36},"end":{"line":17,"column":5}},"line":15}},"branchMap":{},"s":{"0":8,"1":8,"2":0,"3":0,"4":8},"f":{"0":0,"1":0},"b":{},"_coverageSchema":"1a1c01bbd47fc00a2c39e90264f33305004495a9","hash":"36cd4831f5cd55ef19e1db75a926f048ec0dd0fe"}
}
