TN:
SF:src\App.jsx
FN:15,(anonymous_0)
FN:16,(anonymous_1)
FNF:2
FNH:2
FNDA:9,(anonymous_0)
FNDA:16,(anonymous_1)
DA:15,1
DA:16,16
DA:18,8
LF:3
LH:3
BRDA:21,0,0,0
BRDA:21,0,1,8
BRF:2
BRH:1
end_of_record
TN:
SF:src\components\AboutMeComponent.jsx
FN:5,(anonymous_0)
FN:28,(anonymous_1)
FN:43,(anonymous_2)
FN:53,(anonymous_3)
FN:63,(anonymous_4)
FNF:5
FNH:5
FNDA:3,(anonymous_0)
FNDA:6,(anonymous_1)
FNDA:21,(anonymous_2)
FNDA:12,(anonymous_3)
FNDA:6,(anonymous_4)
DA:5,3
DA:6,3
DA:16,3
DA:23,3
DA:28,6
DA:30,3
DA:44,21
DA:54,12
DA:64,6
LF:9
LH:9
BRDA:34,0,0,1
BRDA:34,0,1,2
BRDA:44,1,0,7
BRDA:44,1,1,14
BRDA:54,2,0,4
BRDA:54,2,1,8
BRDA:64,3,0,2
BRDA:64,3,1,4
BRF:8
BRH:8
end_of_record
TN:
SF:src\components\AllBlogList.jsx
FN:9,(anonymous_0)
FN:11,(anonymous_1)
FN:13,(anonymous_2)
FN:17,(anonymous_3)
FNF:4
FNH:2
FNDA:11,(anonymous_0)
FNDA:20,(anonymous_1)
FNDA:0,(anonymous_2)
FNDA:0,(anonymous_3)
DA:9,3
DA:10,11
DA:11,20
DA:13,10
DA:14,0
DA:17,10
DA:18,0
DA:19,0
DA:23,10
DA:24,0
DA:27,10
LF:11
LH:7
BRDA:18,0,0,0
BRDA:18,0,1,0
BRDA:23,1,0,0
BRDA:23,1,1,10
BRDA:32,2,0,10
BRDA:32,2,1,2
BRF:6
BRH:3
end_of_record
TN:
SF:src\components\BlogListComponent.jsx
FN:8,(anonymous_0)
FN:10,(anonymous_1)
FN:12,(anonymous_2)
FN:16,(anonymous_3)
FN:28,(anonymous_4)
FN:29,(anonymous_5)
FNF:6
FNH:2
FNDA:48,(anonymous_0)
FNDA:92,(anonymous_1)
FNDA:0,(anonymous_2)
FNDA:0,(anonymous_3)
FNDA:0,(anonymous_4)
FNDA:0,(anonymous_5)
DA:8,4
DA:9,48
DA:10,92
DA:12,18
DA:13,0
DA:16,18
DA:17,0
DA:18,0
DA:22,18
DA:23,2
DA:26,16
DA:29,0
DA:49,4
LF:13
LH:9
BRDA:17,0,0,0
BRDA:17,0,1,0
BRDA:22,1,0,2
BRDA:22,1,1,16
BRDA:40,2,0,0
BRDA:40,2,1,0
BRDA:40,3,0,0
BRDA:40,3,1,0
BRF:8
BRH:2
end_of_record
TN:
SF:src\components\DarkModeToggle.jsx
FN:7,(anonymous_0)
FN:9,(anonymous_1)
FN:11,(anonymous_2)
FNF:3
FNH:2
FNDA:10,(anonymous_0)
FNDA:20,(anonymous_1)
FNDA:0,(anonymous_2)
DA:7,3
DA:8,10
DA:9,20
DA:11,10
DA:12,0
DA:15,10
LF:6
LH:5
BRDA:19,0,0,3
BRDA:19,0,1,7
BRDA:21,1,0,3
BRDA:21,1,1,7
BRF:4
BRH:4
end_of_record
TN:
SF:src\components\HeaderComponent.jsx
FN:4,(anonymous_0)
FNF:1
FNH:1
FNDA:2,(anonymous_0)
DA:4,3
DA:5,2
LF:2
LH:2
BRF:0
BRH:0
end_of_record
TN:
SF:src\components\HeroImage.jsx
FN:5,(anonymous_0)
FNF:1
FNH:1
FNDA:1,(anonymous_0)
DA:5,3
DA:6,1
LF:2
LH:2
BRF:0
BRH:0
end_of_record
TN:
SF:src\components\NewsLetterComponent.jsx
FN:7,(anonymous_0)
FN:9,(anonymous_1)
FN:11,(anonymous_2)
FN:15,(anonymous_3)
FNF:4
FNH:3
FNDA:4,(anonymous_0)
FNDA:7,(anonymous_1)
FNDA:1,(anonymous_2)
FNDA:0,(anonymous_3)
DA:7,3
DA:8,4
DA:9,7
DA:10,4
DA:11,4
DA:12,1
DA:15,4
DA:16,0
DA:17,0
DA:18,0
DA:21,4
LF:11
LH:8
BRDA:42,0,0,1
BRDA:42,0,1,3
BRF:2
BRH:2
end_of_record
TN:
SF:src\components\NotFoundBlog.jsx
FN:4,(anonymous_0)
FNF:1
FNH:1
FNDA:1,(anonymous_0)
DA:4,1
DA:5,1
LF:2
LH:2
BRF:0
BRH:0
end_of_record
TN:
SF:src\components\Pagination.jsx
FN:7,(anonymous_0)
FN:8,(anonymous_1)
FN:9,(anonymous_2)
FNF:3
FNH:3
FNDA:20,(anonymous_0)
FNDA:40,(anonymous_1)
FNDA:20,(anonymous_2)
DA:7,3
DA:8,40
DA:9,20
DA:11,0
DA:24,3
LF:5
LH:4
BRDA:12,0,0,0
BRDA:12,0,1,0
BRDA:13,1,0,0
BRDA:13,1,1,0
BRDA:17,2,0,0
BRDA:17,2,1,0
BRF:6
BRH:0
end_of_record
TN:
SF:src\components\RecentBlog.jsx
FN:7,(anonymous_0)
FN:8,(anonymous_1)
FN:11,(anonymous_2)
FN:27,(anonymous_3)
FN:47,(anonymous_4)
FN:71,(anonymous_5)
FNF:6
FNH:5
FNDA:8,(anonymous_0)
FNDA:14,(anonymous_1)
FNDA:3,(anonymous_2)
FNDA:4,(anonymous_3)
FNDA:4,(anonymous_4)
FNDA:0,(anonymous_5)
DA:7,2
DA:8,14
DA:9,7
DA:11,7
DA:12,3
DA:13,1
DA:17,7
DA:18,1
DA:21,6
DA:28,4
DA:48,4
DA:72,0
LF:12
LH:11
BRDA:12,0,0,1
BRDA:12,0,1,2
BRDA:12,1,0,3
BRDA:12,1,1,3
BRDA:17,2,0,1
BRDA:17,2,1,6
BRDA:40,3,0,4
BRDA:40,3,1,0
BRDA:40,4,0,0
BRDA:40,4,1,0
BRDA:63,5,0,2
BRDA:63,5,1,2
BRDA:63,6,0,2
BRDA:63,6,1,0
BRDA:87,7,0,0
BRDA:87,7,1,0
BRDA:87,8,0,0
BRDA:87,8,1,0
BRF:18
BRH:10
end_of_record
TN:
SF:src\context\SchemaContext.jsx
FN:7,(anonymous_0)
FN:42,(anonymous_1)
FNF:2
FNH:1
FNDA:8,(anonymous_0)
FNDA:0,(anonymous_1)
DA:5,3
DA:7,3
DA:8,8
DA:39,8
DA:42,3
LF:5
LH:5
BRF:0
BRH:0
end_of_record
TN:
SF:src\layouts\Footer.jsx
FN:5,(anonymous_0)
FN:6,(anonymous_1)
FNF:2
FNH:2
FNDA:2,(anonymous_0)
FNDA:4,(anonymous_1)
DA:5,2
DA:6,4
DA:8,2
LF:3
LH:3
BRDA:9,0,0,1
BRDA:9,0,1,1
BRF:2
BRH:2
end_of_record
TN:
SF:src\layouts\Navbar.jsx
FN:7,(anonymous_0)
FN:9,(anonymous_1)
FN:11,(anonymous_2)
FNF:3
FNH:2
FNDA:9,(anonymous_0)
FNDA:16,(anonymous_1)
FNDA:0,(anonymous_2)
DA:7,2
DA:8,9
DA:9,16
DA:11,8
DA:12,0
DA:15,8
LF:6
LH:5
BRDA:16,0,0,2
BRDA:16,0,1,6
BRDA:48,1,0,8
BRDA:48,1,1,0
BRDA:49,2,0,0
BRDA:49,2,1,0
BRF:6
BRH:3
end_of_record
TN:
SF:src\pages\About.jsx
FN:10,(anonymous_0)
FN:12,(anonymous_1)
FNF:2
FNH:0
FNDA:0,(anonymous_0)
FNDA:0,(anonymous_1)
DA:10,2
DA:11,0
DA:12,0
DA:13,0
LF:4
LH:1
BRDA:14,0,0,0
BRDA:14,0,1,0
BRF:2
BRH:0
end_of_record
TN:
SF:src\pages\BlogDetail.jsx
FN:6,(anonymous_0)
FN:7,(anonymous_1)
FN:8,(anonymous_2)
FN:10,(anonymous_3)
FN:11,(anonymous_4)
FNF:5
FNH:0
FNDA:0,(anonymous_0)
FNDA:0,(anonymous_1)
FNDA:0,(anonymous_2)
FNDA:0,(anonymous_3)
FNDA:0,(anonymous_4)
DA:6,1
DA:7,1
DA:8,1
DA:10,1
DA:11,0
DA:13,0
LF:6
LH:4
BRDA:15,0,0,0
BRDA:15,0,1,0
BRF:2
BRH:0
end_of_record
TN:
SF:src\pages\BlogPage.jsx
FN:9,(anonymous_0)
FN:11,(anonymous_1)
FNF:2
FNH:0
FNDA:0,(anonymous_0)
FNDA:0,(anonymous_1)
DA:9,1
DA:10,0
DA:11,0
DA:12,0
LF:4
LH:1
BRDA:13,0,0,0
BRDA:13,0,1,0
BRF:2
BRH:0
end_of_record
TN:
SF:src\pages\HomePage.jsx
FN:6,(anonymous_0)
FN:7,(anonymous_1)
FNF:2
FNH:0
FNDA:0,(anonymous_0)
FNDA:0,(anonymous_1)
DA:6,1
DA:7,0
DA:8,0
LF:3
LH:1
BRDA:9,0,0,0
BRDA:9,0,1,0
BRF:2
BRH:0
end_of_record
TN:
SF:src\pages\LoadingPage.jsx
FN:5,(anonymous_0)
FN:6,(anonymous_1)
FNF:2
FNH:2
FNDA:5,(anonymous_0)
FNDA:4,(anonymous_1)
DA:5,3
DA:6,5
DA:8,0
LF:3
LH:2
BRDA:9,0,0,0
BRDA:9,0,1,0
BRDA:10,1,0,0
BRDA:10,1,1,0
BRF:4
BRH:0
end_of_record
TN:
SF:src\pages\NewsLetterPage.jsx
FN:9,(anonymous_0)
FN:11,(anonymous_1)
FNF:2
FNH:0
FNDA:0,(anonymous_0)
FNDA:0,(anonymous_1)
DA:9,2
DA:10,0
DA:11,0
DA:13,0
LF:4
LH:1
BRDA:14,0,0,0
BRDA:14,0,1,0
BRF:2
BRH:0
end_of_record
TN:
SF:src\pages\NotFoundPage.jsx
FN:5,(anonymous_0)
FN:6,(anonymous_1)
FNF:2
FNH:2
FNDA:2,(anonymous_0)
FNDA:4,(anonymous_1)
DA:5,2
DA:6,4
DA:8,2
LF:3
LH:3
BRDA:9,0,0,1
BRDA:9,0,1,1
BRF:2
BRH:2
end_of_record
TN:
SF:src\redux\index.js
FN:27,(anonymous_0)
FNF:1
FNH:1
FNDA:1,(anonymous_0)
DA:10,1
DA:16,1
DA:22,1
DA:25,1
DA:28,1
DA:34,1
LF:6
LH:6
BRF:0
BRH:0
end_of_record
TN:
SF:src\redux\async\blogSlice.js
FN:18,(anonymous_0)
FN:23,(anonymous_1)
FN:28,(anonymous_2)
FN:33,(anonymous_3)
FN:42,(anonymous_4)
FN:45,(anonymous_5)
FN:50,(anonymous_6)
FN:52,(anonymous_7)
FN:56,(anonymous_8)
FN:62,(anonymous_9)
FN:68,(anonymous_10)
FN:72,(anonymous_11)
FN:78,(anonymous_12)
FN:84,(anonymous_13)
FN:88,(anonymous_14)
FN:94,(anonymous_15)
FN:100,(anonymous_16)
FN:105,(anonymous_17)
FN:110,(anonymous_18)
FNF:19
FNH:3
FNDA:1,(anonymous_0)
FNDA:0,(anonymous_1)
FNDA:0,(anonymous_2)
FNDA:0,(anonymous_3)
FNDA:0,(anonymous_4)
FNDA:0,(anonymous_5)
FNDA:4,(anonymous_6)
FNDA:1,(anonymous_7)
FNDA:0,(anonymous_8)
FNDA:0,(anonymous_9)
FNDA:0,(anonymous_10)
FNDA:0,(anonymous_11)
FNDA:0,(anonymous_12)
FNDA:0,(anonymous_13)
FNDA:0,(anonymous_14)
FNDA:0,(anonymous_15)
FNDA:0,(anonymous_16)
FNDA:0,(anonymous_17)
FNDA:0,(anonymous_18)
DA:5,6
DA:7,6
DA:18,6
DA:19,1
DA:20,0
DA:23,6
DA:24,0
DA:25,0
DA:28,6
DA:29,0
DA:30,0
DA:33,6
DA:34,0
DA:35,0
DA:38,6
DA:43,0
DA:46,0
DA:47,0
DA:51,4
DA:53,1
DA:54,1
DA:57,0
DA:58,0
DA:59,0
DA:60,0
DA:63,0
DA:64,0
DA:67,4
DA:69,0
DA:70,0
DA:73,0
DA:74,0
DA:75,0
DA:76,0
DA:79,0
DA:80,0
DA:83,4
DA:85,0
DA:86,0
DA:89,0
DA:90,0
DA:91,0
DA:92,0
DA:95,0
DA:96,0
DA:99,4
DA:101,0
DA:102,0
DA:103,0
DA:106,0
DA:107,0
DA:108,0
DA:111,0
DA:112,0
DA:113,0
DA:118,6
LF:56
LH:15
BRDA:23,0,0,0
BRF:1
BRH:0
end_of_record
TN:
SF:src\redux\slice\darkmodeSlice.js
FN:12,(anonymous_0)
FN:15,(anonymous_1)
FNF:2
FNH:0
FNDA:0,(anonymous_0)
FNDA:0,(anonymous_1)
DA:4,8
DA:8,8
DA:13,0
DA:16,0
DA:22,8
LF:5
LH:3
BRF:0
BRH:0
end_of_record
